# JRE version: OpenJDK Runtime Environment (22.0.2+9) (build 22.0.2+9-70)
# Java VM: OpenJDK 64-Bit Server VM (22.0.2+9-70, mixed mode, sharing, tiered, compressed oops, compressed class ptrs, g1 gc, windows-amd64)
GC Precious Log:
 CardTable entry size: 512
 Card Set container configuration: InlinePtr #cards 4 size 8 Array Of Cards #cards 16 size 48 Howl #buckets 8 coarsen threshold 3686 Howl Bitmap #cards 512 size 80 coarsen threshold 460 Card regions per heap region 1 cards per card region 4096
 CPUs: 12 total, 12 available
 Memory: 15571M
 Large Page Support: Disabled
 NUMA Support: Disabled
 Compressed Oops: Enabled (Zero based)
 Heap Region Size: 2M
 Heap Min Capacity: 8M
 Heap Initial Capacity: 244M
 Heap Max Capacity: 3894M
 Pre-touch: Disabled
 Parallel Workers: 10
 Concurrent Workers: 3
 Concurrent Refinement Workers: 10
 Periodic GC: Disabled
Heap:
 garbage-first heap   total reserved 3987456K, committed 59392K, used 34817K [0x000000070ca00000, 0x0000000800000000)
  region size 2048K, 9 young (18432K), 1 survivors (2048K)
 Metaspace       used 31638K, committed 32064K, reserved 1114112K
  class space    used 4267K, committed 4480K, reserved 1048576K
GC Heap History (20 events):
Event: 141.402 GC heap before
{Heap before GC invocations=77 (full 0):
 garbage-first heap   total reserved 3987456K, committed 59392K, used 49868K [0x000000070ca00000, 0x0000000800000000)
  region size 2048K, 16 young (32768K), 1 survivors (2048K)
 Metaspace       used 31547K, committed 32000K, reserved 1114112K
  class space    used 4267K, committed 4480K, reserved 1048576K
}
Event: 141.403 GC heap after
{Heap after GC invocations=78 (full 0):
 garbage-first heap   total reserved 3987456K, committed 59392K, used 19132K [0x000000070ca00000, 0x0000000800000000)
  region size 2048K, 1 young (2048K), 1 survivors (2048K)
 Metaspace       used 31547K, committed 32000K, reserved 1114112K
  class space    used 4267K, committed 4480K, reserved 1048576K
}
Event: 143.941 GC heap before
{Heap before GC invocations=78 (full 0):
 garbage-first heap   total reserved 3987456K, committed 59392K, used 49852K [0x000000070ca00000, 0x0000000800000000)
  region size 2048K, 16 young (32768K), 1 survivors (2048K)
 Metaspace       used 31547K, committed 32000K, reserved 1114112K
  class space    used 4267K, committed 4480K, reserved 1048576K
}
Event: 143.942 GC heap after
{Heap after GC invocations=79 (full 0):
 garbage-first heap   total reserved 3987456K, committed 59392K, used 19207K [0x000000070ca00000, 0x0000000800000000)
  region size 2048K, 1 young (2048K), 1 survivors (2048K)
 Metaspace       used 31547K, committed 32000K, reserved 1114112K
  class space    used 4267K, committed 4480K, reserved 1048576K
}
Event: 146.153 GC heap before
{Heap before GC invocations=79 (full 0):
 garbage-first heap   total reserved 3987456K, committed 59392K, used 49927K [0x000000070ca00000, 0x0000000800000000)
  region size 2048K, 16 young (32768K), 1 survivors (2048K)
 Metaspace       used 31554K, committed 32000K, reserved 1114112K
  class space    used 4267K, committed 4480K, reserved 1048576K
}
Event: 146.154 GC heap after
{Heap after GC invocations=80 (full 0):
 garbage-first heap   total reserved 3987456K, committed 59392K, used 19233K [0x000000070ca00000, 0x0000000800000000)
  region size 2048K, 1 young (2048K), 1 survivors (2048K)
 Metaspace       used 31554K, committed 32000K, reserved 1114112K
  class space    used 4267K, committed 4480K, reserved 1048576K
}
Event: 148.488 GC heap before
{Heap before GC invocations=80 (full 0):
 garbage-first heap   total reserved 3987456K, committed 59392K, used 49953K [0x000000070ca00000, 0x0000000800000000)
  region size 2048K, 16 young (32768K), 1 survivors (2048K)
 Metaspace       used 31559K, committed 32000K, reserved 1114112K
  class space    used 4267K, committed 4480K, reserved 1048576K
}
Event: 148.489 GC heap after
{Heap after GC invocations=81 (full 0):
 garbage-first heap   total reserved 3987456K, committed 59392K, used 19459K [0x000000070ca00000, 0x0000000800000000)
  region size 2048K, 1 young (2048K), 1 survivors (2048K)
 Metaspace       used 31559K, committed 32000K, reserved 1114112K
  class space    used 4267K, committed 4480K, reserved 1048576K
}
Event: 150.659 GC heap before
{Heap before GC invocations=81 (full 0):
 garbage-first heap   total reserved 3987456K, committed 59392K, used 50179K [0x000000070ca00000, 0x0000000800000000)
  region size 2048K, 16 young (32768K), 1 survivors (2048K)
 Metaspace       used 31574K, committed 32064K, reserved 1114112K
  class space    used 4267K, committed 4480K, reserved 1048576K
}
Event: 150.659 GC heap after
{Heap after GC invocations=82 (full 0):
 garbage-first heap   total reserved 3987456K, committed 59392K, used 19359K [0x000000070ca00000, 0x0000000800000000)
  region size 2048K, 1 young (2048K), 1 survivors (2048K)
 Metaspace       used 31574K, committed 32064K, reserved 1114112K
  class space    used 4267K, committed 4480K, reserved 1048576K
}
Event: 152.135 GC heap before
{Heap before GC invocations=82 (full 0):
 garbage-first heap   total reserved 3987456K, committed 59392K, used 50079K [0x000000070ca00000, 0x0000000800000000)
  region size 2048K, 16 young (32768K), 1 survivors (2048K)
 Metaspace       used 31591K, committed 32064K, reserved 1114112K
  class space    used 4267K, committed 4480K, reserved 1048576K
}
Event: 152.136 GC heap after
{Heap after GC invocations=83 (full 0):
 garbage-first heap   total reserved 3987456K, committed 59392K, used 19881K [0x000000070ca00000, 0x0000000800000000)
  region size 2048K, 1 young (2048K), 1 survivors (2048K)
 Metaspace       used 31591K, committed 32064K, reserved 1114112K
  class space    used 4267K, committed 4480K, reserved 1048576K
}
Event: 152.180 GC heap before
{Heap before GC invocations=83 (full 0):
 garbage-first heap   total reserved 3987456K, committed 59392K, used 50601K [0x000000070ca00000, 0x0000000800000000)
  region size 2048K, 16 young (32768K), 1 survivors (2048K)
 Metaspace       used 31628K, committed 32064K, reserved 1114112K
  class space    used 4267K, committed 4480K, reserved 1048576K
}
Event: 152.181 GC heap after
{Heap after GC invocations=84 (full 0):
 garbage-first heap   total reserved 3987456K, committed 59392K, used 20201K [0x000000070ca00000, 0x0000000800000000)
  region size 2048K, 1 young (2048K), 1 survivors (2048K)
 Metaspace       used 31628K, committed 32064K, reserved 1114112K
  class space    used 4267K, committed 4480K, reserved 1048576K
}
Event: 152.268 GC heap before
{Heap before GC invocations=84 (full 0):
 garbage-first heap   total reserved 3987456K, committed 59392K, used 50921K [0x000000070ca00000, 0x0000000800000000)
  region size 2048K, 16 young (32768K), 1 survivors (2048K)
 Metaspace       used 31628K, committed 32064K, reserved 1114112K
  class space    used 4267K, committed 4480K, reserved 1048576K
}
Event: 152.269 GC heap after
{Heap after GC invocations=85 (full 0):
 garbage-first heap   total reserved 3987456K, committed 59392K, used 20225K [0x000000070ca00000, 0x0000000800000000)
  region size 2048K, 1 young (2048K), 1 survivors (2048K)
 Metaspace       used 31628K, committed 32064K, reserved 1114112K
  class space    used 4267K, committed 4480K, reserved 1048576K
}
Event: 153.187 GC heap before
{Heap before GC invocations=85 (full 0):
 garbage-first heap   total reserved 3987456K, committed 59392K, used 50945K [0x000000070ca00000, 0x0000000800000000)
  region size 2048K, 16 young (32768K), 1 survivors (2048K)
 Metaspace       used 31632K, committed 32064K, reserved 1114112K
  class space    used 4267K, committed 4480K, reserved 1048576K
}
Event: 153.188 GC heap after
{Heap after GC invocations=86 (full 0):
 garbage-first heap   total reserved 3987456K, committed 59392K, used 20222K [0x000000070ca00000, 0x0000000800000000)
  region size 2048K, 1 young (2048K), 1 survivors (2048K)
 Metaspace       used 31632K, committed 32064K, reserved 1114112K
  class space    used 4267K, committed 4480K, reserved 1048576K
}
Event: 153.716 GC heap before
{Heap before GC invocations=86 (full 0):
 garbage-first heap   total reserved 3987456K, committed 59392K, used 50942K [0x000000070ca00000, 0x0000000800000000)
  region size 2048K, 16 young (32768K), 1 survivors (2048K)
 Metaspace       used 31635K, committed 32064K, reserved 1114112K
  class space    used 4267K, committed 4480K, reserved 1048576K
}
Event: 153.718 GC heap after
{Heap after GC invocations=87 (full 0):
 garbage-first heap   total reserved 3987456K, committed 59392K, used 20233K [0x000000070ca00000, 0x0000000800000000)
  region size 2048K, 1 young (2048K), 1 survivors (2048K)
 Metaspace       used 31635K, committed 32064K, reserved 1114112K
  class space    used 4267K, committed 4480K, reserved 1048576K
}

